Traceback (most recent call last):
  File "train.py", line 23, in <module>
    from models.spiraconv import SpiraConvV1
  File "/store/ecasanova/covid19/SPIRA-Network/models/spiraconv.py", line 43
    nn.Conv2d(8, 4, kernel_size=(2, 1), dilation=(1, 1)), 
    ^
IndentationError: unexpected indent
The Max Time dim Lenght is:  2549
Model Inicialized With Feature melspectrogram 
Starting new training run
=================================================
Epoch 0 End !
=================================================
Validation:
 Loss: 0.6923735502994421 Acurracy:  0.5454545454545454

 > BEST MODEL (0.69237) : ../checkpoints/spiraconv-trained-with-SPIRA_Dataset_V1_MEL_SPEC/spiraconv_v1/best_checkpoint.pt
=================================================
Epoch 1 End !
=================================================
Validation:
 Loss: 0.6925467650095621 Acurracy:  0.5454545454545454
Write summary at step 10  loss:  0.6887833476066589 Acc:  55.714285714285715
=================================================
Epoch 2 End !
=================================================
Validation:
 Loss: 0.6926161014672482 Acurracy:  0.5454545454545454
=================================================
Epoch 3 End !
=================================================
Validation:
 Loss: 0.6927447319030762 Acurracy:  0.5151515151515151
Write summary at step 20  loss:  0.6829336285591125 Acc:  54.285714285714285
=================================================
Epoch 4 End !
=================================================
Validation:
 Loss: 0.6929062063043768 Acurracy:  0.5454545454545454
=================================================
Epoch 5 End !
=================================================
Validation:
 Loss: 0.6932841792251124 Acurracy:  0.5151515151515151
=================================================
Epoch 6 End !
=================================================
Validation:
 Loss: 0.6933146173303778 Acurracy:  0.5151515151515151
Write summary at step 30  loss:  0.6752322912216187 Acc:  50.0
=================================================
Epoch 7 End !
=================================================
Validation:
 Loss: 0.6934427709290476 Acurracy:  0.5151515151515151
=================================================
Epoch 8 End !
=================================================
Validation:
 Loss: 0.6936695792458274 Acurracy:  0.5151515151515151
Write summary at step 40  loss:  0.6545756459236145 Acc:  47.142857142857146
=================================================
Epoch 9 End !
=================================================
Validation:
 Loss: 0.6940159291932078 Acurracy:  0.5151515151515151
=================================================
Epoch 10 End !
=================================================
Validation:
 Loss: 0.6943421219334458 Acurracy:  0.5151515151515151
=================================================
Epoch 11 End !
=================================================
Validation:
 Loss: 0.69472049221848 Acurracy:  0.5151515151515151
Write summary at step 50  loss:  0.6244774460792542 Acc:  48.57142857142857
=================================================
Epoch 12 End !
=================================================
Validation:
 Loss: 0.6952183896845038 Acurracy:  0.5151515151515151
=================================================
Epoch 13 End !
=================================================
Validation:
 Loss: 0.6961660240635728 Acurracy:  0.5151515151515151
Write summary at step 60  loss:  0.6261304020881653 Acc:  47.142857142857146
=================================================
Epoch 14 End !
=================================================
Validation:
 Loss: 0.6973716273452296 Acurracy:  0.5151515151515151
=================================================
Epoch 15 End !
=================================================
Validation:
 Loss: 0.6992804353887384 Acurracy:  0.5151515151515151
=================================================
Epoch 16 End !
=================================================
Validation:
 Loss: 0.7012625607577238 Acurracy:  0.5151515151515151
Write summary at step 70  loss:  0.5559173822402954 Acc:  51.42857142857143
=================================================
Epoch 17 End !
=================================================
Validation:
 Loss: 0.7048673196272417 Acurracy:  0.5151515151515151
=================================================
Epoch 18 End !
=================================================
Validation:
 Loss: 0.7087252429037383 Acurracy:  0.5151515151515151
Write summary at step 80  loss:  0.5414819717407227 Acc:  51.42857142857143
=================================================
Epoch 19 End !
=================================================
Validation:
 Loss: 0.7114938858783606 Acurracy:  0.5151515151515151
=================================================
Epoch 20 End !
=================================================
Validation:
 Loss: 0.7131106636740945 Acurracy:  0.5151515151515151
=================================================
Epoch 21 End !
=================================================
Validation:
 Loss: 0.7140982512271765 Acurracy:  0.5151515151515151
Write summary at step 90  loss:  0.5028839707374573 Acc:  55.714285714285715
=================================================
Epoch 22 End !
=================================================
Validation:
 Loss: 0.713376066901467 Acurracy:  0.5151515151515151
=================================================
Epoch 23 End !
=================================================
Validation:
 Loss: 0.7119630466807972 Acurracy:  0.5151515151515151
Write summary at step 100  loss:  0.4545697271823883 Acc:  50.0
=================================================
Epoch 24 End !
=================================================
Validation:
 Loss: 0.7130443327354662 Acurracy:  0.5151515151515151
=================================================
Epoch 25 End !
=================================================
Validation:
 Loss: 0.7119143876162443 Acurracy:  0.5151515151515151
=================================================
Epoch 26 End !
=================================================
Validation:
 Loss: 0.7056747566569935 Acurracy:  0.5151515151515151
Write summary at step 110  loss:  0.5207719802856445 Acc:  52.857142857142854
=================================================
Epoch 27 End !
=================================================
Validation:
 Loss: 0.702815344839385 Acurracy:  0.5151515151515151
=================================================
Epoch 28 End !
=================================================
Validation:
 Loss: 0.7008577223980066 Acurracy:  0.5151515151515151
Write summary at step 120  loss:  0.40366387367248535 Acc:  41.42857142857143
=================================================
Epoch 29 End !
=================================================
Validation:
 Loss: 0.695420655337247 Acurracy:  0.5151515151515151
=================================================
Epoch 30 End !
=================================================
Validation:
 Loss: 0.6920812166098392 Acurracy:  0.5151515151515151

 > BEST MODEL (0.69208) : ../checkpoints/spiraconv-trained-with-SPIRA_Dataset_V1_MEL_SPEC/spiraconv_v1/best_checkpoint.pt
=================================================
Epoch 31 End !
=================================================
Validation:
 Loss: 0.6899759010835127 Acurracy:  0.5151515151515151

 > BEST MODEL (0.68998) : ../checkpoints/spiraconv-trained-with-SPIRA_Dataset_V1_MEL_SPEC/spiraconv_v1/best_checkpoint.pt
Write summary at step 130  loss:  0.47950810194015503 Acc:  45.714285714285715
=================================================
Epoch 32 End !
=================================================
Validation:
 Loss: 0.6951958916404031 Acurracy:  0.5151515151515151
=================================================
Epoch 33 End !
=================================================
Validation:
 Loss: 0.6909879265409528 Acurracy:  0.5151515151515151
Write summary at step 140  loss:  0.3969776928424835 Acc:  51.42857142857143
=================================================
Epoch 34 End !
=================================================
Validation:
 Loss: 0.6791714213111184 Acurracy:  0.5454545454545454

 > BEST MODEL (0.67917) : ../checkpoints/spiraconv-trained-with-SPIRA_Dataset_V1_MEL_SPEC/spiraconv_v1/best_checkpoint.pt
=================================================
Epoch 35 End !
=================================================
Validation:
 Loss: 0.6636065858783144 Acurracy:  0.5757575757575758

 > BEST MODEL (0.66361) : ../checkpoints/spiraconv-trained-with-SPIRA_Dataset_V1_MEL_SPEC/spiraconv_v1/best_checkpoint.pt
=================================================
Epoch 36 End !
=================================================
Validation:
 Loss: 0.6587301890055338 Acurracy:  0.6060606060606061

 > BEST MODEL (0.65873) : ../checkpoints/spiraconv-trained-with-SPIRA_Dataset_V1_MEL_SPEC/spiraconv_v1/best_checkpoint.pt
Write summary at step 150  loss:  0.4038444459438324 Acc:  52.857142857142854
=================================================
Epoch 37 End !
=================================================
Validation:
 Loss: 0.6535022186510491 Acurracy:  0.6060606060606061

 > BEST MODEL (0.65350) : ../checkpoints/spiraconv-trained-with-SPIRA_Dataset_V1_MEL_SPEC/spiraconv_v1/best_checkpoint.pt
=================================================
Epoch 38 End !
=================================================
Validation:
 Loss: 0.6529001033667362 Acurracy:  0.6060606060606061

 > BEST MODEL (0.65290) : ../checkpoints/spiraconv-trained-with-SPIRA_Dataset_V1_MEL_SPEC/spiraconv_v1/best_checkpoint.pt
Write summary at step 160  loss:  0.4482453167438507 Acc:  51.42857142857143
=================================================
Epoch 39 End !
=================================================
Validation:
 Loss: 0.6427309368595933 Acurracy:  0.6060606060606061

 > BEST MODEL (0.64273) : ../checkpoints/spiraconv-trained-with-SPIRA_Dataset_V1_MEL_SPEC/spiraconv_v1/best_checkpoint.pt
=================================================
Epoch 40 End !
=================================================
Validation:
 Loss: 0.6497850273594712 Acurracy:  0.6060606060606061
=================================================
Epoch 41 End !
=================================================
Validation:
 Loss: 0.6458315488063928 Acurracy:  0.6060606060606061
Write summary at step 170  loss:  0.3728577196598053 Acc:  41.42857142857143
=================================================
Epoch 42 End !
=================================================
Validation:
 Loss: 0.641586903369788 Acurracy:  0.6060606060606061

 > BEST MODEL (0.64159) : ../checkpoints/spiraconv-trained-with-SPIRA_Dataset_V1_MEL_SPEC/spiraconv_v1/best_checkpoint.pt
=================================================
Epoch 43 End !
=================================================
Validation:
 Loss: 0.6270008231654312 Acurracy:  0.6363636363636364

 > BEST MODEL (0.62700) : ../checkpoints/spiraconv-trained-with-SPIRA_Dataset_V1_MEL_SPEC/spiraconv_v1/best_checkpoint.pt
Write summary at step 180  loss:  0.34492576122283936 Acc:  50.0
=================================================
Epoch 44 End !
=================================================
Validation:
 Loss: 0.6184413866563276 Acurracy:  0.6666666666666666

 > BEST MODEL (0.61844) : ../checkpoints/spiraconv-trained-with-SPIRA_Dataset_V1_MEL_SPEC/spiraconv_v1/best_checkpoint.pt
=================================================
Epoch 45 End !
=================================================
Validation:
 Loss: 0.6243640581766764 Acurracy:  0.6666666666666666
=================================================
Epoch 46 End !
=================================================
Validation:
 Loss: 0.6108260949452718 Acurracy:  0.696969696969697

 > BEST MODEL (0.61083) : ../checkpoints/spiraconv-trained-with-SPIRA_Dataset_V1_MEL_SPEC/spiraconv_v1/best_checkpoint.pt
Write summary at step 190  loss:  0.3249935805797577 Acc:  52.857142857142854
=================================================
Epoch 47 End !
=================================================
Validation:
 Loss: 0.5890409512953325 Acurracy:  0.7272727272727273

 > BEST MODEL (0.58904) : ../checkpoints/spiraconv-trained-with-SPIRA_Dataset_V1_MEL_SPEC/spiraconv_v1/best_checkpoint.pt
=================================================
Epoch 48 End !
=================================================
Validation:
 Loss: 0.5880907448855314 Acurracy:  0.7272727272727273

 > BEST MODEL (0.58809) : ../checkpoints/spiraconv-trained-with-SPIRA_Dataset_V1_MEL_SPEC/spiraconv_v1/best_checkpoint.pt
Write summary at step 200  loss:  0.26746970415115356 Acc:  50.0
=================================================
Epoch 49 End !
=================================================
Validation:
 Loss: 0.6045367139758486 Acurracy:  0.696969696969697
=================================================
Epoch 50 End !
=================================================
Validation:
 Loss: 0.6166378873767275 Acurracy:  0.696969696969697
=================================================
Epoch 51 End !
=================================================
Validation:
 Loss: 0.6359948389457933 Acurracy:  0.696969696969697
Write summary at step 210  loss:  0.3643569052219391 Acc:  51.42857142857143
=================================================
Epoch 52 End !
=================================================
Validation:
 Loss: 0.6327592893080278 Acurracy:  0.696969696969697
=================================================
Epoch 53 End !
=================================================
Validation:
 Loss: 0.6079170631639885 Acurracy:  0.696969696969697
Write summary at step 220  loss:  0.25209224224090576 Acc:  51.42857142857143
=================================================
Epoch 54 End !
=================================================
Validation:
 Loss: 0.597412499514493 Acurracy:  0.7272727272727273
=================================================
Epoch 55 End !
=================================================
Validation:
 Loss: 0.6134027856768984 Acurracy:  0.7272727272727273
=================================================
Epoch 56 End !
=================================================
Validation:
 Loss: 0.6570420048453591 Acurracy:  0.6666666666666666
Write summary at step 230  loss:  0.3016091585159302 Acc:  50.0
=================================================
Epoch 57 End !
=================================================
Validation:
 Loss: 0.6364475019050367 Acurracy:  0.696969696969697
=================================================
Epoch 58 End !
=================================================
Validation:
 Loss: 0.5879023364095977 Acurracy:  0.7272727272727273

 > BEST MODEL (0.58790) : ../checkpoints/spiraconv-trained-with-SPIRA_Dataset_V1_MEL_SPEC/spiraconv_v1/best_checkpoint.pt
Write summary at step 240  loss:  0.3737390637397766 Acc:  48.57142857142857
=================================================
Epoch 59 End !
=================================================
Validation:
 Loss: 0.6120459961168694 Acurracy:  0.7272727272727273
=================================================
Epoch 60 End !
=================================================
Validation:
 Loss: 0.6170552788358746 Acurracy:  0.7272727272727273
=================================================
Epoch 61 End !
=================================================
Validation:
 Loss: 0.603373281883471 Acurracy:  0.7272727272727273
Write summary at step 250  loss:  0.2821262776851654 Acc:  41.42857142857143
=================================================
Epoch 62 End !
=================================================
Validation:
 Loss: 0.6229428811506792 Acurracy:  0.7272727272727273
=================================================
Epoch 63 End !
=================================================
Validation:
 Loss: 0.6114347270040801 Acurracy:  0.7272727272727273
Write summary at step 260  loss:  0.2528570294380188 Acc:  57.142857142857146
=================================================
Epoch 64 End !
=================================================
Validation:
 Loss: 0.5949056365273215 Acurracy:  0.7272727272727273
=================================================
Epoch 65 End !
=================================================
Validation:
 Loss: 0.6174268000053637 Acurracy:  0.7272727272727273
=================================================
Epoch 66 End !
=================================================
Validation:
 Loss: 0.6246231216372866 Acurracy:  0.7272727272727273
Write summary at step 270  loss:  0.2930195927619934 Acc:  58.57142857142857
=================================================
Epoch 67 End !
=================================================
Validation:
 Loss: 0.6472291151682535 Acurracy:  0.7272727272727273
=================================================
Epoch 68 End !
=================================================
Validation:
 Loss: 0.6225366520159172 Acurracy:  0.7272727272727273
Write summary at step 280  loss:  0.2586625814437866 Acc:  54.285714285714285
=================================================
Epoch 69 End !
=================================================
Validation:
 Loss: 0.6238838976079767 Acurracy:  0.7272727272727273
=================================================
Epoch 70 End !
=================================================
Validation:
 Loss: 0.6636995691241641 Acurracy:  0.7272727272727273
=================================================
Epoch 71 End !
=================================================
Validation:
 Loss: 0.6557311180866126 Acurracy:  0.7272727272727273
Write summary at step 290  loss:  0.23429745435714722 Acc:  51.42857142857143
=================================================
Epoch 72 End !
=================================================
Validation:
 Loss: 0.6170144225611831 Acurracy:  0.696969696969697
=================================================
Epoch 73 End !
=================================================
Validation:
 Loss: 0.6659976135600697 Acurracy:  0.7272727272727273
Write summary at step 300  loss:  0.2963104248046875 Acc:  54.285714285714285
=================================================
Epoch 74 End !
=================================================
Validation:
 Loss: 0.6831507755048347 Acurracy:  0.696969696969697
=================================================
Epoch 75 End !
=================================================
Validation:
 Loss: 0.6793194611867269 Acurracy:  0.7272727272727273
=================================================
Epoch 76 End !
=================================================
Validation:
 Loss: 0.6576456301140062 Acurracy:  0.7272727272727273
Write summary at step 310  loss:  0.21458792686462402 Acc:  51.42857142857143
=================================================
Epoch 77 End !
=================================================
Validation:
 Loss: 0.6603244037339182 Acurracy:  0.7272727272727273
=================================================
Epoch 78 End !
=================================================
Validation:
 Loss: 0.6773049578522191 Acurracy:  0.7272727272727273
Write summary at step 320  loss:  0.20645490288734436 Acc:  48.57142857142857
=================================================
Epoch 79 End !
=================================================
Validation:
 Loss: 0.651481133518797 Acurracy:  0.7272727272727273
=================================================
Epoch 80 End !
=================================================
Validation:
 Loss: 0.6374676805554014 Acurracy:  0.7272727272727273
=================================================
Epoch 81 End !
=================================================
Validation:
 Loss: 0.6686867222641454 Acurracy:  0.7272727272727273
Write summary at step 330  loss:  0.22926656901836395 Acc:  60.0
=================================================
Epoch 82 End !
=================================================
Validation:
 Loss: 0.7143987670089259 Acurracy:  0.7272727272727273
=================================================
Epoch 83 End !
=================================================
Validation:
 Loss: 0.7099206519849373 Acurracy:  0.7272727272727273
Write summary at step 340  loss:  0.40326428413391113 Acc:  45.714285714285715
=================================================
Epoch 84 End !
=================================================
Validation:
 Loss: 0.6587245933937304 Acurracy:  0.7272727272727273
=================================================
Epoch 85 End !
=================================================
Validation:
 Loss: 0.6317892435825232 Acurracy:  0.7272727272727273
=================================================
Epoch 86 End !
=================================================
Validation:
 Loss: 0.6481408061403217 Acurracy:  0.7272727272727273
Write summary at step 350  loss:  0.19476501643657684 Acc:  54.285714285714285
=================================================
Epoch 87 End !
=================================================
Validation:
 Loss: 0.6764304348916719 Acurracy:  0.7272727272727273
=================================================
Epoch 88 End !
=================================================
Validation:
 Loss: 0.6920111847646309 Acurracy:  0.7272727272727273
Write summary at step 360  loss:  0.24645650386810303 Acc:  51.42857142857143
=================================================
Epoch 89 End !
=================================================
Validation:
 Loss: 0.694050057367845 Acurracy:  0.7272727272727273
=================================================
Epoch 90 End !
=================================================
Validation:
 Loss: 0.6867311307878206 Acurracy:  0.7272727272727273
=================================================
Epoch 91 End !
=================================================
Validation:
 Loss: 0.659201954350327 Acurracy:  0.7272727272727273
Write summary at step 370  loss:  0.22968538105487823 Acc:  40.0
=================================================
Epoch 92 End !
=================================================
Validation:
 Loss: 0.6478313207626343 Acurracy:  0.7575757575757576
=================================================
Epoch 93 End !
=================================================
Validation:
 Loss: 0.7416676048076514 Acurracy:  0.7272727272727273
Write summary at step 380  loss:  0.1706736832857132 Acc:  41.42857142857143
=================================================
Epoch 94 End !
=================================================
Validation:
 Loss: 0.8252450625101725 Acurracy:  0.7272727272727273
=================================================
Epoch 95 End !
=================================================
Validation:
 Loss: 0.7267880837122599 Acurracy:  0.7272727272727273
=================================================
Epoch 96 End !
=================================================
Validation:
 Loss: 0.6569881637891134 Acurracy:  0.7575757575757576
Write summary at step 390  loss:  0.20656418800354004 Acc:  37.142857142857146
=================================================
Epoch 97 End !
=================================================
Validation:
 Loss: 0.6735538677735762 Acurracy:  0.7272727272727273
=================================================
Epoch 98 End !
=================================================
Validation:
 Loss: 0.6813817891207609 Acurracy:  0.7272727272727273
Write summary at step 400  loss:  0.13833856582641602 Acc:  54.285714285714285
=================================================
Epoch 99 End !
=================================================
Validation:
 Loss: 0.7170419385938933 Acurracy:  0.7272727272727273
=================================================
Epoch 100 End !
=================================================
Validation:
 Loss: 0.7378531929218408 Acurracy:  0.7575757575757576
=================================================
Epoch 101 End !
=================================================
Validation:
 Loss: 0.8303285493995204 Acurracy:  0.7272727272727273
Write summary at step 410  loss:  0.18024984002113342 Acc:  55.714285714285715
=================================================
Epoch 102 End !
=================================================
Validation:
 Loss: 0.7809241937868523 Acurracy:  0.7272727272727273
=================================================
Epoch 103 End !
=================================================
Validation:
 Loss: 0.7154981512011904 Acurracy:  0.7272727272727273
Write summary at step 420  loss:  0.15741148591041565 Acc:  51.42857142857143
=================================================
Epoch 104 End !
=================================================
Validation:
 Loss: 0.7062290599851897 Acurracy:  0.7575757575757576
=================================================
Epoch 105 End !
=================================================
Validation:
 Loss: 0.8054052501013784 Acurracy:  0.7272727272727273
=================================================
Epoch 106 End !
=================================================
Validation:
 Loss: 0.8326779333027926 Acurracy:  0.7272727272727273
Write summary at step 430  loss:  0.17303971946239471 Acc:  44.285714285714285
=================================================
Epoch 107 End !
=================================================
Validation:
 Loss: 0.7892539537314213 Acurracy:  0.7575757575757576
=================================================
Epoch 108 End !
=================================================
Validation:
 Loss: 0.7362684950684056 Acurracy:  0.7878787878787878
Write summary at step 440  loss:  0.2621102035045624 Acc:  42.857142857142854
=================================================
Epoch 109 End !
=================================================
Validation:
 Loss: 0.7119466626282894 Acurracy:  0.7575757575757576
=================================================
Epoch 110 End !
=================================================
Validation:
 Loss: 0.7270988406557025 Acurracy:  0.7272727272727273
=================================================
Epoch 111 End !
=================================================
Validation:
 Loss: 0.7286116137649074 Acurracy:  0.7272727272727273
Write summary at step 450  loss:  0.1517713963985443 Acc:  47.142857142857146
=================================================
Epoch 112 End !
=================================================
Validation:
 Loss: 0.7520763783743887 Acurracy:  0.7575757575757576
=================================================
Epoch 113 End !
=================================================
Validation:
 Loss: 0.7947432940656488 Acurracy:  0.7272727272727273
Write summary at step 460  loss:  0.1405792236328125 Acc:  48.57142857142857
=================================================
Epoch 114 End !
=================================================
Validation:
 Loss: 0.7548628937114369 Acurracy:  0.7272727272727273
=================================================
Epoch 115 End !
=================================================
Validation:
 Loss: 0.8530874956737865 Acurracy:  0.7272727272727273
=================================================
Epoch 116 End !
=================================================
Validation:
 Loss: 0.8099410533905029 Acurracy:  0.7272727272727273
Write summary at step 470  loss:  0.2371688038110733 Acc:  55.714285714285715
=================================================
Epoch 117 End !
=================================================
Validation:
 Loss: 0.785834176973863 Acurracy:  0.7272727272727273
=================================================
Epoch 118 End !
=================================================
Validation:
 Loss: 0.6995707407142177 Acurracy:  0.7272727272727273
Write summary at step 480  loss:  0.2500600516796112 Acc:  51.42857142857143
=================================================
Epoch 119 End !
=================================================
Validation:
 Loss: 0.7269065940018856 Acurracy:  0.7272727272727273
=================================================
Epoch 120 End !
=================================================
Validation:
 Loss: 0.7980131651415969 Acurracy:  0.7272727272727273
=================================================
Epoch 121 End !
=================================================
Validation:
 Loss: 0.7999237956422748 Acurracy:  0.7272727272727273
Write summary at step 490  loss:  0.1527097076177597 Acc:  41.42857142857143
=================================================
Epoch 122 End !
=================================================
Validation:
 Loss: 0.7374018232027689 Acurracy:  0.7272727272727273
=================================================
Epoch 123 End !
=================================================
Validation:
 Loss: 0.653569342512073 Acurracy:  0.7878787878787878
Write summary at step 500  loss:  0.15644098818302155 Acc:  55.714285714285715
Saved checkpoint to: ../checkpoints/spiraconv-trained-with-SPIRA_Dataset_V1_MEL_SPEC/spiraconv_v1/checkpoint_500.pt
Validation:
 Loss: 0.6566145618756613 Acurracy:  0.7272727272727273
=================================================
Epoch 124 End !
=================================================
Validation:
 Loss: 0.7067528096112338 Acurracy:  0.7272727272727273
=================================================
Epoch 125 End !
=================================================
Validation:
 Loss: 0.7490482763810591 Acurracy:  0.7272727272727273
=================================================
Epoch 126 End !
=================================================
Validation:
 Loss: 0.8173489245501432 Acurracy:  0.7575757575757576
Write summary at step 510  loss:  0.06918364018201828 Acc:  44.285714285714285
=================================================
Epoch 127 End !
=================================================
Validation:
 Loss: 0.9067954150113192 Acurracy:  0.7272727272727273
=================================================
Epoch 128 End !
=================================================
Validation:
 Loss: 0.8758031364643213 Acurracy:  0.7575757575757576
Write summary at step 520  loss:  0.20766739547252655 Acc:  40.0
=================================================
Epoch 129 End !
=================================================
Validation:
 Loss: 0.9036833896781459 Acurracy:  0.7272727272727273
=================================================
Epoch 130 End !
=================================================
Validation:
 Loss: 0.7901343441370762 Acurracy:  0.7272727272727273
=================================================
Epoch 131 End !
=================================================
Validation:
 Loss: 0.8719460476528514 Acurracy:  0.7575757575757576
Write summary at step 530  loss:  0.1563020497560501 Acc:  48.57142857142857
=================================================
Epoch 132 End !
=================================================
Validation:
 Loss: 0.9322324015877463 Acurracy:  0.7272727272727273
=================================================
Epoch 133 End !
=================================================
Validation:
 Loss: 0.8892407859816696 Acurracy:  0.7575757575757576
Write summary at step 540  loss:  0.202434241771698 Acc:  47.142857142857146
=================================================
Epoch 134 End !
=================================================
Validation:
 Loss: 0.8544351476611514 Acurracy:  0.7575757575757576
=================================================
Epoch 135 End !
=================================================
Validation:
 Loss: 0.8678966372302084 Acurracy:  0.7272727272727273
=================================================
Epoch 136 End !
=================================================
Validation:
 Loss: 0.9119993376009392 Acurracy:  0.7575757575757576
Write summary at step 550  loss:  0.16044676303863525 Acc:  57.142857142857146
=================================================
Epoch 137 End !
=================================================
Validation:
 Loss: 0.9391588162292134 Acurracy:  0.7272727272727273
=================================================
Epoch 138 End !
=================================================
Validation:
 Loss: 0.8430097644979303 Acurracy:  0.7272727272727273
Write summary at step 560  loss:  0.14917206764221191 Acc:  47.142857142857146
=================================================
Epoch 139 End !
=================================================
Validation:
 Loss: 0.8045808871587118 Acurracy:  0.7878787878787878
=================================================
Epoch 140 End !
=================================================
Validation:
 Loss: 1.0071428165291294 Acurracy:  0.7272727272727273
